2019-07-14 10:05:53,162 [9] ERROR App.UI.WebForm.Pages.Mantenimientos.Track.TrackEdit System.Data.Entity.Core.EntityException: The underlying provider failed on Open. ---> System.Data.SqlClient.SqlException: Error relacionado con la red o específico de la instancia mientras se establecía una conexión con el servidor SQL Server. No se encontró el servidor o éste no estaba accesible. Compruebe que el nombre de la instancia es correcto y que SQL Server está configurado para admitir conexiones remotas. (provider: SQL Network Interfaces, error: 26 - Error al buscar el servidor o instancia especificado)
   en System.Data.SqlClient.SqlInternalConnectionTds..ctor(DbConnectionPoolIdentity identity, SqlConnectionString connectionOptions, SqlCredential credential, Object providerInfo, String newPassword, SecureString newSecurePassword, Boolean redirectedUserInstance, SqlConnectionString userConnectionOptions, SessionData reconnectSessionData, DbConnectionPool pool, String accessToken, Boolean applyTransientFaultHandling)
   en System.Data.SqlClient.SqlConnectionFactory.CreateConnection(DbConnectionOptions options, DbConnectionPoolKey poolKey, Object poolGroupProviderInfo, DbConnectionPool pool, DbConnection owningConnection, DbConnectionOptions userOptions)
   en System.Data.ProviderBase.DbConnectionFactory.CreatePooledConnection(DbConnectionPool pool, DbConnection owningObject, DbConnectionOptions options, DbConnectionPoolKey poolKey, DbConnectionOptions userOptions)
   en System.Data.ProviderBase.DbConnectionPool.CreateObject(DbConnection owningObject, DbConnectionOptions userOptions, DbConnectionInternal oldConnection)
   en System.Data.ProviderBase.DbConnectionPool.UserCreateRequest(DbConnection owningObject, DbConnectionOptions userOptions, DbConnectionInternal oldConnection)
   en System.Data.ProviderBase.DbConnectionPool.TryGetConnection(DbConnection owningObject, UInt32 waitForMultipleObjectsTimeout, Boolean allowCreate, Boolean onlyOneCheckConnection, DbConnectionOptions userOptions, DbConnectionInternal& connection)
   en System.Data.ProviderBase.DbConnectionPool.TryGetConnection(DbConnection owningObject, TaskCompletionSource`1 retry, DbConnectionOptions userOptions, DbConnectionInternal& connection)
   en System.Data.ProviderBase.DbConnectionFactory.TryGetConnection(DbConnection owningConnection, TaskCompletionSource`1 retry, DbConnectionOptions userOptions, DbConnectionInternal oldConnection, DbConnectionInternal& connection)
   en System.Data.ProviderBase.DbConnectionInternal.TryOpenConnectionInternal(DbConnection outerConnection, DbConnectionFactory connectionFactory, TaskCompletionSource`1 retry, DbConnectionOptions userOptions)
   en System.Data.ProviderBase.DbConnectionClosed.TryOpenConnection(DbConnection outerConnection, DbConnectionFactory connectionFactory, TaskCompletionSource`1 retry, DbConnectionOptions userOptions)
   en System.Data.SqlClient.SqlConnection.TryOpenInner(TaskCompletionSource`1 retry)
   en System.Data.SqlClient.SqlConnection.TryOpen(TaskCompletionSource`1 retry)
   en System.Data.SqlClient.SqlConnection.Open()
   en System.Data.Entity.Infrastructure.Interception.DbConnectionDispatcher.<Open>b__36(DbConnection t, DbConnectionInterceptionContext c)
   en System.Data.Entity.Infrastructure.Interception.InternalDispatcher`1.Dispatch[TTarget,TInterceptionContext](TTarget target, Action`2 operation, TInterceptionContext interceptionContext, Action`3 executing, Action`3 executed)
   en System.Data.Entity.Infrastructure.Interception.DbConnectionDispatcher.Open(DbConnection connection, DbInterceptionContext interceptionContext)
   en System.Data.Entity.Core.EntityClient.EntityConnection.<Open>b__2()
   en System.Data.Entity.SqlServer.DefaultSqlExecutionStrategy.<>c__DisplayClass1.<Execute>b__0()
   en System.Data.Entity.SqlServer.DefaultSqlExecutionStrategy.Execute[TResult](Func`1 operation)
   en System.Data.Entity.SqlServer.DefaultSqlExecutionStrategy.Execute(Action operation)
   en System.Data.Entity.Core.EntityClient.EntityConnection.Open()
   --- Fin del seguimiento de la pila de la excepción interna ---
   en System.Data.Entity.Core.EntityClient.EntityConnection.Open()
   en System.Data.Entity.Core.Objects.ObjectContext.EnsureConnection(Boolean shouldMonitorTransactions)
   en System.Data.Entity.Core.Objects.ObjectContext.ExecuteInTransaction[T](Func`1 func, IDbExecutionStrategy executionStrategy, Boolean startLocalTransaction, Boolean releaseConnectionOnSuccess)
   en System.Data.Entity.Core.Objects.ObjectContext.SaveChangesToStore(SaveOptions options, IDbExecutionStrategy executionStrategy, Boolean startLocalTransaction)
   en System.Data.Entity.Core.Objects.ObjectContext.<>c__DisplayClass2a.<SaveChangesInternal>b__27()
   en System.Data.Entity.SqlServer.DefaultSqlExecutionStrategy.Execute[TResult](Func`1 operation)
   en System.Data.Entity.Core.Objects.ObjectContext.SaveChangesInternal(SaveOptions options, Boolean executeInExistingTransaction)
   en System.Data.Entity.Core.Objects.ObjectContext.SaveChanges(SaveOptions options)
   en System.Data.Entity.Internal.InternalContext.SaveChanges()
   en System.Data.Entity.Internal.LazyInternalContext.SaveChanges()
   en System.Data.Entity.DbContext.SaveChanges()
   en App.Data.Repository.AppUnitOfWork.Complete() en D:\VSDeveloper\src\vs2017-2019-03\Cap11\slnApp\App.Data.Repository\AppUnitOfWork.cs:línea 37
   en App.UI.WebForm.Pages.Mantenimientos.Track.TrackEdit.Guardar() en D:\VSDeveloper\src\vs2017-2019-03\Cap11\slnApp\App.UI.WebForm\Pages\Mantenimientos\Track\TrackEdit.aspx.cs:línea 110
   en App.UI.WebForm.Pages.Mantenimientos.Track.TrackEdit.btnGuardar_Click(Object sender, EventArgs e) en D:\VSDeveloper\src\vs2017-2019-03\Cap11\slnApp\App.UI.WebForm\Pages\Mantenimientos\Track\TrackEdit.aspx.cs:línea 79
   en System.Web.UI.WebControls.Button.OnClick(EventArgs e)
   en System.Web.UI.WebControls.Button.RaisePostBackEvent(String eventArgument)
   en System.Web.UI.WebControls.Button.System.Web.UI.IPostBackEventHandler.RaisePostBackEvent(String eventArgument)
   en System.Web.UI.Page.RaisePostBackEvent(IPostBackEventHandler sourceControl, String eventArgument)
   en System.Web.UI.Page.RaisePostBackEvent(NameValueCollection postData)
   en System.Web.UI.Page.ProcessRequestMain(Boolean includeStagesBeforeAsyncPoint, Boolean includeStagesAfterAsyncPoint)
2019-07-14 10:58:23,177 [5] ERROR App.UI.WebForm.Global System.Web.HttpException (0x80004005): El archivo '/TrackEdit.aspx' no existe.
   en System.Web.UI.Util.CheckVirtualFileExists(VirtualPath virtualPath)
   en System.Web.Compilation.BuildManager.GetVPathBuildResultInternal(VirtualPath virtualPath, Boolean noBuild, Boolean allowCrossApp, Boolean allowBuildInPrecompile, Boolean throwIfNotFound, Boolean ensureIsUpToDate)
   en System.Web.Compilation.BuildManager.GetVPathBuildResultWithNoAssert(HttpContext context, VirtualPath virtualPath, Boolean noBuild, Boolean allowCrossApp, Boolean allowBuildInPrecompile, Boolean throwIfNotFound, Boolean ensureIsUpToDate)
   en System.Web.Compilation.BuildManager.GetVirtualPathObjectFactory(VirtualPath virtualPath, HttpContext context, Boolean allowCrossApp, Boolean throwIfNotFound)
   en System.Web.Compilation.BuildManager.CreateInstanceFromVirtualPath(VirtualPath virtualPath, Type requiredBaseType, HttpContext context, Boolean allowCrossApp)
   en System.Web.UI.PageHandlerFactory.GetHandlerHelper(HttpContext context, String requestType, VirtualPath virtualPath, String physicalPath)
   en System.Web.UI.PageHandlerFactory.GetHandler(HttpContext context, String requestType, String virtualPath, String path)
   en System.Web.HttpApplication.MaterializeHandlerExecutionStep.System.Web.HttpApplication.IExecutionStep.Execute()
   en System.Web.HttpApplication.ExecuteStepImpl(IExecutionStep step)
   en System.Web.HttpApplication.ExecuteStep(IExecutionStep step, Boolean& completedSynchronously)
2019-07-14 10:58:58,368 [8] ERROR App.UI.WebForm.Global System.Web.HttpException (0x80004005): El archivo '/TrackEdit.aspx' no existe.
   en System.Web.UI.Util.CheckVirtualFileExists(VirtualPath virtualPath)
   en System.Web.Compilation.BuildManager.GetVPathBuildResultInternal(VirtualPath virtualPath, Boolean noBuild, Boolean allowCrossApp, Boolean allowBuildInPrecompile, Boolean throwIfNotFound, Boolean ensureIsUpToDate)
   en System.Web.Compilation.BuildManager.GetVPathBuildResultWithNoAssert(HttpContext context, VirtualPath virtualPath, Boolean noBuild, Boolean allowCrossApp, Boolean allowBuildInPrecompile, Boolean throwIfNotFound, Boolean ensureIsUpToDate)
   en System.Web.Compilation.BuildManager.GetVirtualPathObjectFactory(VirtualPath virtualPath, HttpContext context, Boolean allowCrossApp, Boolean throwIfNotFound)
   en System.Web.Compilation.BuildManager.CreateInstanceFromVirtualPath(VirtualPath virtualPath, Type requiredBaseType, HttpContext context, Boolean allowCrossApp)
   en System.Web.UI.PageHandlerFactory.GetHandlerHelper(HttpContext context, String requestType, VirtualPath virtualPath, String physicalPath)
   en System.Web.UI.PageHandlerFactory.GetHandler(HttpContext context, String requestType, String virtualPath, String path)
   en System.Web.HttpApplication.MaterializeHandlerExecutionStep.System.Web.HttpApplication.IExecutionStep.Execute()
   en System.Web.HttpApplication.ExecuteStepImpl(IExecutionStep step)
   en System.Web.HttpApplication.ExecuteStep(IExecutionStep step, Boolean& completedSynchronously)
2019-07-14 11:00:31,881 [16] INFO  App.UI.WebForm.Pages.Mantenimientos.Track.TrackEdit Anter de obtener la lista de album
2019-07-14 11:00:32,402 [16] INFO  App.UI.WebForm.Pages.Mantenimientos.Track.TrackEdit Despues de obtener la lista de album: Numéro registros 347
2019-07-14 11:01:25,103 [8] INFO  App.UI.WebForm.Pages.Mantenimientos.Track.TrackEdit Anter de obtener la lista de album
2019-07-14 11:01:25,107 [8] INFO  App.UI.WebForm.Pages.Mantenimientos.Track.TrackEdit Despues de obtener la lista de album: Numéro registros 347
2019-07-14 11:02:42,367 [16] INFO  App.UI.WebForm.Pages.Mantenimientos.Track.TrackEdit Anter de obtener la lista de album
2019-07-14 11:02:42,371 [16] INFO  App.UI.WebForm.Pages.Mantenimientos.Track.TrackEdit Despues de obtener la lista de album: Numéro registros 347
2019-07-14 11:08:12,583 [8] ERROR App.UI.WebForm.Global System.Web.HttpException (0x80004005): El archivo '/TrackList.aspx' no existe.
   en System.Web.UI.Util.CheckVirtualFileExists(VirtualPath virtualPath)
   en System.Web.Compilation.BuildManager.GetVPathBuildResultInternal(VirtualPath virtualPath, Boolean noBuild, Boolean allowCrossApp, Boolean allowBuildInPrecompile, Boolean throwIfNotFound, Boolean ensureIsUpToDate)
   en System.Web.Compilation.BuildManager.GetVPathBuildResultWithNoAssert(HttpContext context, VirtualPath virtualPath, Boolean noBuild, Boolean allowCrossApp, Boolean allowBuildInPrecompile, Boolean throwIfNotFound, Boolean ensureIsUpToDate)
   en System.Web.Compilation.BuildManager.GetVirtualPathObjectFactory(VirtualPath virtualPath, HttpContext context, Boolean allowCrossApp, Boolean throwIfNotFound)
   en System.Web.Compilation.BuildManager.CreateInstanceFromVirtualPath(VirtualPath virtualPath, Type requiredBaseType, HttpContext context, Boolean allowCrossApp)
   en System.Web.UI.PageHandlerFactory.GetHandlerHelper(HttpContext context, String requestType, VirtualPath virtualPath, String physicalPath)
   en System.Web.UI.PageHandlerFactory.GetHandler(HttpContext context, String requestType, String virtualPath, String path)
   en System.Web.HttpApplication.MaterializeHandlerExecutionStep.System.Web.HttpApplication.IExecutionStep.Execute()
   en System.Web.HttpApplication.ExecuteStepImpl(IExecutionStep step)
   en System.Web.HttpApplication.ExecuteStep(IExecutionStep step, Boolean& completedSynchronously)
2019-07-14 11:11:05,480 [8] ERROR App.UI.WebForm.Global System.Web.HttpException (0x80004005): El archivo '/TrackList.aspx' no existe.
   en System.Web.UI.Util.CheckVirtualFileExists(VirtualPath virtualPath)
   en System.Web.Compilation.BuildManager.GetVPathBuildResultInternal(VirtualPath virtualPath, Boolean noBuild, Boolean allowCrossApp, Boolean allowBuildInPrecompile, Boolean throwIfNotFound, Boolean ensureIsUpToDate)
   en System.Web.Compilation.BuildManager.GetVPathBuildResultWithNoAssert(HttpContext context, VirtualPath virtualPath, Boolean noBuild, Boolean allowCrossApp, Boolean allowBuildInPrecompile, Boolean throwIfNotFound, Boolean ensureIsUpToDate)
   en System.Web.Compilation.BuildManager.GetVirtualPathObjectFactory(VirtualPath virtualPath, HttpContext context, Boolean allowCrossApp, Boolean throwIfNotFound)
   en System.Web.Compilation.BuildManager.CreateInstanceFromVirtualPath(VirtualPath virtualPath, Type requiredBaseType, HttpContext context, Boolean allowCrossApp)
   en System.Web.UI.PageHandlerFactory.GetHandlerHelper(HttpContext context, String requestType, VirtualPath virtualPath, String physicalPath)
   en System.Web.UI.PageHandlerFactory.GetHandler(HttpContext context, String requestType, String virtualPath, String path)
   en System.Web.HttpApplication.MaterializeHandlerExecutionStep.System.Web.HttpApplication.IExecutionStep.Execute()
   en System.Web.HttpApplication.ExecuteStepImpl(IExecutionStep step)
   en System.Web.HttpApplication.ExecuteStep(IExecutionStep step, Boolean& completedSynchronously)
2019-07-14 11:15:09,560 [15] ERROR App.UI.WebForm.Global System.Web.HttpException (0x80004005): El archivo '/TrackList.aspx' no existe.
   en System.Web.UI.Util.CheckVirtualFileExists(VirtualPath virtualPath)
   en System.Web.Compilation.BuildManager.GetVPathBuildResultInternal(VirtualPath virtualPath, Boolean noBuild, Boolean allowCrossApp, Boolean allowBuildInPrecompile, Boolean throwIfNotFound, Boolean ensureIsUpToDate)
   en System.Web.Compilation.BuildManager.GetVPathBuildResultWithNoAssert(HttpContext context, VirtualPath virtualPath, Boolean noBuild, Boolean allowCrossApp, Boolean allowBuildInPrecompile, Boolean throwIfNotFound, Boolean ensureIsUpToDate)
   en System.Web.Compilation.BuildManager.GetVirtualPathObjectFactory(VirtualPath virtualPath, HttpContext context, Boolean allowCrossApp, Boolean throwIfNotFound)
   en System.Web.Compilation.BuildManager.CreateInstanceFromVirtualPath(VirtualPath virtualPath, Type requiredBaseType, HttpContext context, Boolean allowCrossApp)
   en System.Web.UI.PageHandlerFactory.GetHandlerHelper(HttpContext context, String requestType, VirtualPath virtualPath, String physicalPath)
   en System.Web.UI.PageHandlerFactory.GetHandler(HttpContext context, String requestType, String virtualPath, String path)
   en System.Web.HttpApplication.MaterializeHandlerExecutionStep.System.Web.HttpApplication.IExecutionStep.Execute()
   en System.Web.HttpApplication.ExecuteStepImpl(IExecutionStep step)
   en System.Web.HttpApplication.ExecuteStep(IExecutionStep step, Boolean& completedSynchronously)
2019-07-14 11:16:32,983 [18] INFO  App.UI.WebForm.Pages.Mantenimientos.Track.TrackEdit Anter de obtener la lista de album
2019-07-14 11:16:33,333 [18] INFO  App.UI.WebForm.Pages.Mantenimientos.Track.TrackEdit Despues de obtener la lista de album: Numéro registros 347
2019-07-14 11:17:12,349 [19] INFO  App.UI.WebForm.Pages.Mantenimientos.Track.TrackEdit Anter de obtener la lista de album
2019-07-14 11:17:12,353 [19] INFO  App.UI.WebForm.Pages.Mantenimientos.Track.TrackEdit Despues de obtener la lista de album: Numéro registros 347
2019-07-14 11:17:33,019 [16] INFO  App.UI.WebForm.Pages.Mantenimientos.Track.TrackEdit Anter de obtener la lista de album
2019-07-14 11:17:33,025 [16] INFO  App.UI.WebForm.Pages.Mantenimientos.Track.TrackEdit Despues de obtener la lista de album: Numéro registros 347
2019-07-14 11:34:54,604 [11] ERROR App.UI.WebForm.Global System.Web.HttpException (0x80004005): El archivo '/~/Pages/Mantenimientos/Track/TrackList.aspx' no existe.
   en System.Web.UI.Util.CheckVirtualFileExists(VirtualPath virtualPath)
   en System.Web.Compilation.BuildManager.GetVPathBuildResultInternal(VirtualPath virtualPath, Boolean noBuild, Boolean allowCrossApp, Boolean allowBuildInPrecompile, Boolean throwIfNotFound, Boolean ensureIsUpToDate)
   en System.Web.Compilation.BuildManager.GetVPathBuildResultWithNoAssert(HttpContext context, VirtualPath virtualPath, Boolean noBuild, Boolean allowCrossApp, Boolean allowBuildInPrecompile, Boolean throwIfNotFound, Boolean ensureIsUpToDate)
   en System.Web.Compilation.BuildManager.GetVirtualPathObjectFactory(VirtualPath virtualPath, HttpContext context, Boolean allowCrossApp, Boolean throwIfNotFound)
   en System.Web.Compilation.BuildManager.CreateInstanceFromVirtualPath(VirtualPath virtualPath, Type requiredBaseType, HttpContext context, Boolean allowCrossApp)
   en System.Web.UI.PageHandlerFactory.GetHandlerHelper(HttpContext context, String requestType, VirtualPath virtualPath, String physicalPath)
   en System.Web.UI.PageHandlerFactory.GetHandler(HttpContext context, String requestType, String virtualPath, String path)
   en System.Web.HttpApplication.MaterializeHandlerExecutionStep.System.Web.HttpApplication.IExecutionStep.Execute()
   en System.Web.HttpApplication.ExecuteStepImpl(IExecutionStep step)
   en System.Web.HttpApplication.ExecuteStep(IExecutionStep step, Boolean& completedSynchronously)
2019-07-14 11:51:06,353 [9] ERROR App.UI.WebForm.Global System.Web.HttpParseException (0x80004005): D:\VSDeveloper\src\vs2017-2019-03\Cap11\slnApp\App.UI.WebForm\MainMaster.Master(386): error CS1026: ) expected ---> System.Web.HttpCompileException (0x80004005): D:\VSDeveloper\src\vs2017-2019-03\Cap11\slnApp\App.UI.WebForm\MainMaster.Master(386): error CS1026: ) expected
   en System.Web.Compilation.BuildManager.PostProcessFoundBuildResult(BuildResult result, Boolean keyFromVPP, VirtualPath virtualPath)
   en System.Web.Compilation.BuildManager.GetBuildResultFromCacheInternal(String cacheKey, Boolean keyFromVPP, VirtualPath virtualPath, Int64 hashCode, Boolean ensureIsUpToDate)
   en System.Web.Compilation.BuildManager.GetVPathBuildResultFromCacheInternal(VirtualPath virtualPath, Boolean ensureIsUpToDate)
   en System.Web.Compilation.BuildManager.GetVPathBuildResultInternal(VirtualPath virtualPath, Boolean noBuild, Boolean allowCrossApp, Boolean allowBuildInPrecompile, Boolean throwIfNotFound, Boolean ensureIsUpToDate)
   en System.Web.Compilation.BuildManager.GetVPathBuildResultWithNoAssert(HttpContext context, VirtualPath virtualPath, Boolean noBuild, Boolean allowCrossApp, Boolean allowBuildInPrecompile, Boolean throwIfNotFound, Boolean ensureIsUpToDate)
   en System.Web.Compilation.BuildManager.GetVPathBuildResult(HttpContext context, VirtualPath virtualPath, Boolean noBuild, Boolean allowCrossApp, Boolean allowBuildInPrecompile, Boolean ensureIsUpToDate)
   en System.Web.UI.BaseTemplateParser.GetReferencedType(VirtualPath virtualPath, Boolean allowNoCompile)
   en System.Web.UI.PageParser.ProcessMainDirectiveAttribute(String deviceName, String name, String value, IDictionary parseData)
   en System.Web.UI.TemplateParser.ProcessMainDirective(IDictionary mainDirective)
   en System.Web.UI.TemplateParser.ProcessException(Exception ex)
   en System.Web.UI.TemplateParser.ParseStringInternal(String text, Encoding fileEncoding)
   en System.Web.UI.TemplateParser.ParseString(String text, VirtualPath virtualPath, Encoding fileEncoding)
   en System.Web.UI.TemplateParser.ParseFile(String physicalPath, VirtualPath virtualPath)
   en System.Web.UI.TemplateParser.ParseInternal()
   en System.Web.UI.TemplateParser.Parse()
   en System.Web.Compilation.BaseTemplateBuildProvider.get_CodeCompilerType()
   en System.Web.Compilation.BuildProvider.GetCompilerTypeFromBuildProvider(BuildProvider buildProvider)
   en System.Web.Compilation.BuildProvidersCompiler.ProcessBuildProviders()
   en System.Web.Compilation.BuildProvidersCompiler.PerformBuild()
   en System.Web.Compilation.BuildManager.CompileWebFile(VirtualPath virtualPath)
   en System.Web.Compilation.BuildManager.GetVPathBuildResultInternal(VirtualPath virtualPath, Boolean noBuild, Boolean allowCrossApp, Boolean allowBuildInPrecompile, Boolean throwIfNotFound, Boolean ensureIsUpToDate)
   en System.Web.Compilation.BuildManager.GetVPathBuildResultWithNoAssert(HttpContext context, VirtualPath virtualPath, Boolean noBuild, Boolean allowCrossApp, Boolean allowBuildInPrecompile, Boolean throwIfNotFound, Boolean ensureIsUpToDate)
   en System.Web.Compilation.BuildManager.GetVirtualPathObjectFactory(VirtualPath virtualPath, HttpContext context, Boolean allowCrossApp, Boolean throwIfNotFound)
   en Microsoft.AspNet.FriendlyUrls.Abstractions.BuildManagerWrapper.GetObjectFactory(String virtualPath, Boolean throwIfNotFound)
   en Microsoft.AspNet.FriendlyUrls.FriendlyUrlRoute.GetWebObjectFactory(HttpContextBase httpContext, String modifiedVirtualPath)
   en Microsoft.AspNet.FriendlyUrls.FriendlyUrlRoute.Resolve(HttpContextBase httpContext, IList`1 extensions, String virtualPathOverride, IFriendlyUrlRouteSupportFunctions supportFunctions)
   en Microsoft.AspNet.FriendlyUrls.FriendlyUrlRoute.Microsoft.AspNet.FriendlyUrls.Abstractions.IFriendlyUrlRouteSupportFunctions.Resolve(HttpContextBase httpContext, IList`1 extensions, String virtualPathOverride)
   en Microsoft.AspNet.FriendlyUrls.FriendlyUrlRoute.GetRouteData(HttpContextBase httpContext, String pathOverride, IFriendlyUrlRouteSupportFunctions supportFunctions)
   en Microsoft.AspNet.FriendlyUrls.FriendlyUrlRoute.GetRouteData(HttpContextBase httpContext)
   en System.Web.Routing.RouteCollection.GetRouteData(HttpContextBase httpContext)
   en System.Web.Routing.UrlRoutingModule.PostResolveRequestCache(HttpContextBase context)
   en System.Web.Routing.UrlRoutingModule.OnApplicationPostResolveRequestCache(Object sender, EventArgs e)
   en System.Web.HttpApplication.SyncEventExecutionStep.System.Web.HttpApplication.IExecutionStep.Execute()
   en System.Web.HttpApplication.ExecuteStepImpl(IExecutionStep step)
   en System.Web.HttpApplication.ExecuteStep(IExecutionStep step, Boolean& completedSynchronously)
2019-07-14 12:07:48,685 [14] ERROR App.UI.WebForm.Global System.Web.HttpException (0x80004005): El archivo '/~/Pages/Mantenimientos/Track/TrackList.aspx' no existe.
   en System.Web.UI.Util.CheckVirtualFileExists(VirtualPath virtualPath)
   en System.Web.Compilation.BuildManager.GetVPathBuildResultInternal(VirtualPath virtualPath, Boolean noBuild, Boolean allowCrossApp, Boolean allowBuildInPrecompile, Boolean throwIfNotFound, Boolean ensureIsUpToDate)
   en System.Web.Compilation.BuildManager.GetVPathBuildResultWithNoAssert(HttpContext context, VirtualPath virtualPath, Boolean noBuild, Boolean allowCrossApp, Boolean allowBuildInPrecompile, Boolean throwIfNotFound, Boolean ensureIsUpToDate)
   en System.Web.Compilation.BuildManager.GetVirtualPathObjectFactory(VirtualPath virtualPath, HttpContext context, Boolean allowCrossApp, Boolean throwIfNotFound)
   en System.Web.Compilation.BuildManager.CreateInstanceFromVirtualPath(VirtualPath virtualPath, Type requiredBaseType, HttpContext context, Boolean allowCrossApp)
   en System.Web.UI.PageHandlerFactory.GetHandlerHelper(HttpContext context, String requestType, VirtualPath virtualPath, String physicalPath)
   en System.Web.UI.PageHandlerFactory.GetHandler(HttpContext context, String requestType, String virtualPath, String path)
   en System.Web.HttpApplication.MaterializeHandlerExecutionStep.System.Web.HttpApplication.IExecutionStep.Execute()
   en System.Web.HttpApplication.ExecuteStepImpl(IExecutionStep step)
   en System.Web.HttpApplication.ExecuteStep(IExecutionStep step, Boolean& completedSynchronously)
2019-07-14 12:09:38,786 [14] INFO  App.UI.WebForm.Pages.Mantenimientos.Track.TrackEdit Anter de obtener la lista de album
2019-07-14 12:09:38,820 [14] INFO  App.UI.WebForm.Pages.Mantenimientos.Track.TrackEdit Despues de obtener la lista de album: Numéro registros 347
2019-07-21 11:59:47,455 [5] ERROR App.UI.WebForm.Global System.Web.HttpUnhandledException (0x80004005): Se produjo una excepción de tipo 'System.Web.HttpUnhandledException'. ---> System.Web.HttpException (0x80004005): El control 'ScriptManager1' de tipo 'ScriptManager' debe colocarse dentro de una etiqueta de formulario con runat=server.
   en System.Web.UI.Page.VerifyRenderingInServerForm(Control control)
   en System.Web.UI.PageWrapper.System.Web.UI.IPage.VerifyRenderingInServerForm(Control control)
   en System.Web.UI.PageRequestManager.Render(HtmlTextWriter writer)
   en System.Web.UI.ScriptManager.Render(HtmlTextWriter writer)
   en System.Web.UI.Control.RenderControlInternal(HtmlTextWriter writer, ControlAdapter adapter)
   en System.Web.UI.Control.RenderControl(HtmlTextWriter writer, ControlAdapter adapter)
   en System.Web.UI.Control.RenderControl(HtmlTextWriter writer)
   en System.Web.UI.Control.RenderChildrenInternal(HtmlTextWriter writer, ICollection children)
   en System.Web.UI.Control.RenderChildren(HtmlTextWriter writer)
   en System.Web.UI.Control.Render(HtmlTextWriter writer)
   en System.Web.UI.Control.RenderControlInternal(HtmlTextWriter writer, ControlAdapter adapter)
   en System.Web.UI.Control.RenderControl(HtmlTextWriter writer, ControlAdapter adapter)
   en System.Web.UI.Control.RenderControl(HtmlTextWriter writer)
   en System.Web.UI.Control.RenderChildrenInternal(HtmlTextWriter writer, ICollection children)
   en System.Web.UI.Control.RenderChildren(HtmlTextWriter writer)
   en System.Web.UI.Page.Render(HtmlTextWriter writer)
   en System.Web.UI.Control.RenderControlInternal(HtmlTextWriter writer, ControlAdapter adapter)
   en System.Web.UI.Control.RenderControl(HtmlTextWriter writer, ControlAdapter adapter)
   en System.Web.UI.Control.RenderControl(HtmlTextWriter writer)
   en System.Web.UI.Page.ProcessRequestMain(Boolean includeStagesBeforeAsyncPoint, Boolean includeStagesAfterAsyncPoint)
   en System.Web.UI.Page.HandleError(Exception e)
   en System.Web.UI.Page.ProcessRequestMain(Boolean includeStagesBeforeAsyncPoint, Boolean includeStagesAfterAsyncPoint)
   en System.Web.UI.Page.ProcessRequest(Boolean includeStagesBeforeAsyncPoint, Boolean includeStagesAfterAsyncPoint)
   en System.Web.UI.Page.ProcessRequest()
   en System.Web.UI.Page.ProcessRequestWithNoAssert(HttpContext context)
   en System.Web.UI.Page.ProcessRequest(HttpContext context)
   en ASP.default_aspx.ProcessRequest(HttpContext context)
   en System.Web.HttpApplication.CallHandlerExecutionStep.System.Web.HttpApplication.IExecutionStep.Execute()
   en System.Web.HttpApplication.ExecuteStepImpl(IExecutionStep step)
   en System.Web.HttpApplication.ExecuteStep(IExecutionStep step, Boolean& completedSynchronously)
2019-07-21 12:02:11,712 [8] ERROR App.UI.WebForm.Global System.Web.HttpUnhandledException (0x80004005): Se produjo una excepción de tipo 'System.Web.HttpUnhandledException'. ---> System.InvalidOperationException: No se pudo encontrar un evento denominado 'OnSelectedIndexChanged' en el control asociado 'ddlTrack' para el desencadenador de UpdatePanel 'upAjaxPrecios'.
   en System.Web.UI.AsyncPostBackTrigger.Initialize()
   en System.Web.UI.UpdatePanelTriggerCollection.Initialize()
   en System.Web.UI.UpdatePanel.Initialize()
   en System.Web.UI.UpdatePanel.OnLoad(EventArgs e)
   en System.Web.UI.Control.LoadRecursive()
   en System.Web.UI.Control.LoadRecursive()
   en System.Web.UI.Control.LoadRecursive()
   en System.Web.UI.Control.LoadRecursive()
   en System.Web.UI.Control.LoadRecursive()
   en System.Web.UI.Page.ProcessRequestMain(Boolean includeStagesBeforeAsyncPoint, Boolean includeStagesAfterAsyncPoint)
   en System.Web.UI.Page.HandleError(Exception e)
   en System.Web.UI.Page.ProcessRequestMain(Boolean includeStagesBeforeAsyncPoint, Boolean includeStagesAfterAsyncPoint)
   en System.Web.UI.Page.ProcessRequest(Boolean includeStagesBeforeAsyncPoint, Boolean includeStagesAfterAsyncPoint)
   en System.Web.UI.Page.ProcessRequest()
   en System.Web.UI.Page.ProcessRequestWithNoAssert(HttpContext context)
   en System.Web.UI.Page.ProcessRequest(HttpContext context)
   en ASP.pages_venta_ventaregistro_aspx.ProcessRequest(HttpContext context)
   en System.Web.HttpApplication.CallHandlerExecutionStep.System.Web.HttpApplication.IExecutionStep.Execute()
   en System.Web.HttpApplication.ExecuteStepImpl(IExecutionStep step)
   en System.Web.HttpApplication.ExecuteStep(IExecutionStep step, Boolean& completedSynchronously)
2019-07-21 12:03:00,567 [11] ERROR App.UI.WebForm.Global System.Web.HttpUnhandledException (0x80004005): Se produjo una excepción de tipo 'System.Web.HttpUnhandledException'. ---> System.InvalidOperationException: No se pudo encontrar un evento denominado 'ddlTrack_SelectedIndexChanged' en el control asociado 'ddlTrack' para el desencadenador de UpdatePanel 'upAjaxPrecios'.
   en System.Web.UI.AsyncPostBackTrigger.Initialize()
   en System.Web.UI.UpdatePanelTriggerCollection.Initialize()
   en System.Web.UI.UpdatePanel.Initialize()
   en System.Web.UI.UpdatePanel.OnLoad(EventArgs e)
   en System.Web.UI.Control.LoadRecursive()
   en System.Web.UI.Control.LoadRecursive()
   en System.Web.UI.Control.LoadRecursive()
   en System.Web.UI.Control.LoadRecursive()
   en System.Web.UI.Control.LoadRecursive()
   en System.Web.UI.Page.ProcessRequestMain(Boolean includeStagesBeforeAsyncPoint, Boolean includeStagesAfterAsyncPoint)
   en System.Web.UI.Page.HandleError(Exception e)
   en System.Web.UI.Page.ProcessRequestMain(Boolean includeStagesBeforeAsyncPoint, Boolean includeStagesAfterAsyncPoint)
   en System.Web.UI.Page.ProcessRequest(Boolean includeStagesBeforeAsyncPoint, Boolean includeStagesAfterAsyncPoint)
   en System.Web.UI.Page.ProcessRequest()
   en System.Web.UI.Page.ProcessRequestWithNoAssert(HttpContext context)
   en System.Web.UI.Page.ProcessRequest(HttpContext context)
   en ASP.pages_venta_ventaregistro_aspx.ProcessRequest(HttpContext context)
   en System.Web.HttpApplication.CallHandlerExecutionStep.System.Web.HttpApplication.IExecutionStep.Execute()
   en System.Web.HttpApplication.ExecuteStepImpl(IExecutionStep step)
   en System.Web.HttpApplication.ExecuteStep(IExecutionStep step, Boolean& completedSynchronously)
2019-07-21 13:48:37,460 [10] ERROR App.UI.WebForm.Global System.Web.HttpUnhandledException (0x80004005): Se produjo una excepción de tipo 'System.Web.HttpUnhandledException'. ---> System.Data.Entity.Infrastructure.DbUpdateException: An error occurred while updating the entries. See the inner exception for details. ---> System.Data.Entity.Core.UpdateException: An error occurred while updating the entries. See the inner exception for details. ---> System.Data.SqlClient.SqlException: Instrucción INSERT en conflicto con la restricción FOREIGN KEY "FK_InvoiceCustomerId". El conflicto ha aparecido en la base de datos "dbChinook", tabla "dbo.Customer", column 'CustomerId'.
Se terminó la instrucción.
   en System.Data.SqlClient.SqlConnection.OnError(SqlException exception, Boolean breakConnection, Action`1 wrapCloseInAction)
   en System.Data.SqlClient.SqlInternalConnection.OnError(SqlException exception, Boolean breakConnection, Action`1 wrapCloseInAction)
   en System.Data.SqlClient.TdsParser.ThrowExceptionAndWarning(TdsParserStateObject stateObj, Boolean callerHasConnectionLock, Boolean asyncClose)
   en System.Data.SqlClient.TdsParser.TryRun(RunBehavior runBehavior, SqlCommand cmdHandler, SqlDataReader dataStream, BulkCopySimpleResultSet bulkCopyHandler, TdsParserStateObject stateObj, Boolean& dataReady)
   en System.Data.SqlClient.SqlDataReader.TryConsumeMetaData()
   en System.Data.SqlClient.SqlDataReader.get_MetaData()
   en System.Data.SqlClient.SqlCommand.FinishExecuteReader(SqlDataReader ds, RunBehavior runBehavior, String resetOptionsString, Boolean isInternal, Boolean forDescribeParameterEncryption)
   en System.Data.SqlClient.SqlCommand.RunExecuteReaderTds(CommandBehavior cmdBehavior, RunBehavior runBehavior, Boolean returnStream, Boolean async, Int32 timeout, Task& task, Boolean asyncWrite, Boolean inRetry, SqlDataReader ds, Boolean describeParameterEncryptionRequest)
   en System.Data.SqlClient.SqlCommand.RunExecuteReader(CommandBehavior cmdBehavior, RunBehavior runBehavior, Boolean returnStream, String method, TaskCompletionSource`1 completion, Int32 timeout, Task& task, Boolean& usedCache, Boolean asyncWrite, Boolean inRetry)
   en System.Data.SqlClient.SqlCommand.RunExecuteReader(CommandBehavior cmdBehavior, RunBehavior runBehavior, Boolean returnStream, String method)
   en System.Data.SqlClient.SqlCommand.ExecuteReader(CommandBehavior behavior, String method)
   en System.Data.SqlClient.SqlCommand.ExecuteDbDataReader(CommandBehavior behavior)
   en System.Data.Common.DbCommand.ExecuteReader(CommandBehavior behavior)
   en System.Data.Entity.Infrastructure.Interception.DbCommandDispatcher.<Reader>b__c(DbCommand t, DbCommandInterceptionContext`1 c)
   en System.Data.Entity.Infrastructure.Interception.InternalDispatcher`1.Dispatch[TTarget,TInterceptionContext,TResult](TTarget target, Func`3 operation, TInterceptionContext interceptionContext, Action`3 executing, Action`3 executed)
   en System.Data.Entity.Infrastructure.Interception.DbCommandDispatcher.Reader(DbCommand command, DbCommandInterceptionContext interceptionContext)
   en System.Data.Entity.Internal.InterceptableDbCommand.ExecuteDbDataReader(CommandBehavior behavior)
   en System.Data.Common.DbCommand.ExecuteReader(CommandBehavior behavior)
   en System.Data.Entity.Core.Mapping.Update.Internal.DynamicUpdateCommand.Execute(Dictionary`2 identifierValues, List`1 generatedValues)
   en System.Data.Entity.Core.Mapping.Update.Internal.UpdateTranslator.Update()
   --- Fin del seguimiento de la pila de la excepción interna ---
   en System.Data.Entity.Core.Mapping.Update.Internal.UpdateTranslator.Update()
   en System.Data.Entity.Core.EntityClient.Internal.EntityAdapter.<Update>b__2(UpdateTranslator ut)
   en System.Data.Entity.Core.EntityClient.Internal.EntityAdapter.Update[T](T noChangesResult, Func`2 updateFunction)
   en System.Data.Entity.Core.EntityClient.Internal.EntityAdapter.Update()
   en System.Data.Entity.Core.Objects.ObjectContext.<SaveChangesToStore>b__35()
   en System.Data.Entity.Core.Objects.ObjectContext.ExecuteInTransaction[T](Func`1 func, IDbExecutionStrategy executionStrategy, Boolean startLocalTransaction, Boolean releaseConnectionOnSuccess)
   en System.Data.Entity.Core.Objects.ObjectContext.SaveChangesToStore(SaveOptions options, IDbExecutionStrategy executionStrategy, Boolean startLocalTransaction)
   en System.Data.Entity.Core.Objects.ObjectContext.<>c__DisplayClass2a.<SaveChangesInternal>b__27()
   en System.Data.Entity.SqlServer.DefaultSqlExecutionStrategy.Execute[TResult](Func`1 operation)
   en System.Data.Entity.Core.Objects.ObjectContext.SaveChangesInternal(SaveOptions options, Boolean executeInExistingTransaction)
   en System.Data.Entity.Core.Objects.ObjectContext.SaveChanges(SaveOptions options)
   en System.Data.Entity.Internal.InternalContext.SaveChanges()
   --- Fin del seguimiento de la pila de la excepción interna ---
   en System.Data.Entity.Internal.InternalContext.SaveChanges()
   en System.Data.Entity.Internal.LazyInternalContext.SaveChanges()
   en System.Data.Entity.DbContext.SaveChanges()
   en App.Data.Repository.AppUnitOfWork.Complete() en D:\VSDeveloper\src\vs2017-2019-03\Cap14\slnApp\App.Data.Repository\AppUnitOfWork.cs:línea 37
   en App.UI.WebForm.Pages.Venta.VentaRegistro.Guardar() en D:\VSDeveloper\src\vs2017-2019-03\Cap14\slnApp\App.UI.WebForm\Pages\Venta\VentaRegistro.aspx.cs:línea 128
   en App.UI.WebForm.Pages.Venta.VentaRegistro.btnGuardar_Click(Object sender, EventArgs e) en D:\VSDeveloper\src\vs2017-2019-03\Cap14\slnApp\App.UI.WebForm\Pages\Venta\VentaRegistro.aspx.cs:línea 99
   en System.Web.UI.WebControls.Button.OnClick(EventArgs e)
   en System.Web.UI.WebControls.Button.RaisePostBackEvent(String eventArgument)
   en System.Web.UI.WebControls.Button.System.Web.UI.IPostBackEventHandler.RaisePostBackEvent(String eventArgument)
   en System.Web.UI.Page.RaisePostBackEvent(IPostBackEventHandler sourceControl, String eventArgument)
   en System.Web.UI.Page.RaisePostBackEvent(NameValueCollection postData)
   en System.Web.UI.Page.ProcessRequestMain(Boolean includeStagesBeforeAsyncPoint, Boolean includeStagesAfterAsyncPoint)
   en System.Web.UI.Page.HandleError(Exception e)
   en System.Web.UI.Page.ProcessRequestMain(Boolean includeStagesBeforeAsyncPoint, Boolean includeStagesAfterAsyncPoint)
   en System.Web.UI.Page.ProcessRequest(Boolean includeStagesBeforeAsyncPoint, Boolean includeStagesAfterAsyncPoint)
   en System.Web.UI.Page.ProcessRequest()
   en System.Web.UI.Page.ProcessRequestWithNoAssert(HttpContext context)
   en System.Web.UI.Page.ProcessRequest(HttpContext context)
   en ASP.pages_venta_ventaregistro_aspx.ProcessRequest(HttpContext context)
   en System.Web.HttpApplication.CallHandlerExecutionStep.System.Web.HttpApplication.IExecutionStep.Execute()
   en System.Web.HttpApplication.ExecuteStepImpl(IExecutionStep step)
   en System.Web.HttpApplication.ExecuteStep(IExecutionStep step, Boolean& completedSynchronously)
